2023-03-09 23:40:15.824 [info] Log level: Info
2023-03-09 23:40:15.824 [info] Validating found git in: "git"
2023-03-09 23:40:15.824 [info] Using git "2.25.1" from "git"
2023-03-09 23:40:15.824 [info] > git rev-parse --show-toplevel [3ms]
2023-03-09 23:40:15.824 [info] > git rev-parse --git-dir --git-common-dir [1ms]
2023-03-09 23:40:15.824 [info] Open repository: /home/signal
2023-03-09 23:40:15.824 [info] > git rev-parse --show-toplevel [6ms]
2023-03-09 23:40:15.824 [info] > git config --get commit.template [6ms]
2023-03-09 23:40:15.824 [info] > git rev-parse --show-toplevel [2ms]
2023-03-09 23:40:15.824 [info] > git rev-parse --show-toplevel [4ms]
2023-03-09 23:40:15.824 [info] > git for-each-ref --format=%(refname)%00%(upstream:short)%00%(objectname)%00%(upstream:track)%00%(upstream:remotename)%00%(upstream:remoteref) refs/heads/main refs/remotes/main [3ms]
2023-03-09 23:40:15.824 [info] > git rev-parse --show-toplevel [4ms]
2023-03-09 23:40:15.824 [info] > git rev-parse --show-toplevel [1ms]
2023-03-09 23:40:15.824 [info] > git rev-parse --show-toplevel [1ms]
2023-03-09 23:40:15.824 [info] > git rev-parse --show-toplevel [0ms]
2023-03-09 23:40:15.824 [info] > git rev-parse --show-toplevel [0ms]
2023-03-09 23:40:15.824 [info] > git rev-parse --show-toplevel [1ms]
2023-03-09 23:40:15.824 [info] > git rev-parse --show-toplevel [4ms]
2023-03-09 23:40:15.824 [info] > git rev-parse --show-toplevel [2ms]
2023-03-09 23:40:15.824 [info] > git rev-parse --show-toplevel [0ms]
2023-03-09 23:40:15.824 [info] > git rev-parse --show-toplevel [1ms]
2023-03-09 23:40:15.824 [info] > git rev-parse --show-toplevel [1ms]
2023-03-09 23:40:15.824 [info] > git rev-parse --show-toplevel [1ms]
2023-03-09 23:40:15.824 [info] > git rev-parse --show-toplevel [2ms]
2023-03-09 23:40:15.824 [info] > git rev-parse --show-toplevel [1ms]
2023-03-09 23:40:15.824 [info] > git rev-parse --show-toplevel [1ms]
2023-03-09 23:40:15.824 [info] > git rev-parse --show-toplevel [1ms]
2023-03-09 23:40:15.824 [info] > git rev-parse --show-toplevel [1ms]
2023-03-09 23:40:15.824 [info] > git rev-parse --show-toplevel [1ms]
2023-03-09 23:40:15.825 [info] > git status -z -uall [67ms]
2023-03-09 23:40:15.825 [info] > git rev-parse --show-toplevel [2ms]
2023-03-09 23:40:15.825 [info] > git config --get commit.template [2ms]
2023-03-09 23:40:15.825 [info] > git for-each-ref --format=%(refname)%00%(upstream:short)%00%(objectname)%00%(upstream:track)%00%(upstream:remotename)%00%(upstream:remoteref) refs/heads/main refs/remotes/main [2ms]
2023-03-09 23:40:15.836 [info] > git status -z -uall [12ms]
2023-03-09 23:40:16.167 [info] > git check-ignore -v -z --stdin [2ms]
2023-03-09 23:40:22.661 [info] > git check-ignore -v -z --stdin [1ms]
2023-03-09 23:40:23.265 [info] > git check-ignore -v -z --stdin [1ms]
