2023-03-09 23:40:14.252 [info] Extension host with pid 5419 started
2023-03-09 23:40:14.264 [info] Lock '/home/signal/.vscode-server/data/User/workspaceStorage/c301fe8fcdd4a4113b0f4b4e214f6af3/vscode.lock': Lock acquired.
2023-03-09 23:40:14.355 [info] ExtensionService#_doActivateExtension vscode.emmet, startup: false, activationEvent: 'onLanguage'
2023-03-09 23:40:14.356 [info] ExtensionService#_doActivateExtension vscode.git-base, startup: true, activationEvent: '*'
2023-03-09 23:40:14.629 [info] ExtensionService#_doActivateExtension vscode.github, startup: true, activationEvent: '*'
2023-03-09 23:40:14.696 [info] Eager extensions activated
2023-03-09 23:40:14.697 [info] ExtensionService#_doActivateExtension vscode.debug-auto-launch, startup: false, activationEvent: 'onStartupFinished'
2023-03-09 23:40:14.697 [info] ExtensionService#_doActivateExtension vscode.merge-conflict, startup: false, activationEvent: 'onStartupFinished'
2023-03-09 23:40:15.296 [info] ExtensionService#_doActivateExtension vscode.git, startup: false, activationEvent: 'api', root cause: vscode.github
2023-03-09 23:40:15.572 [warning] [Decorations] CAPPING events from decorations provider vscode.git 1808
2023-03-09 23:40:15.856 [warning] [Decorations] CAPPING events from decorations provider vscode.git 1809
2023-03-09 23:40:34.040 [info] ExtensionService#_doActivateExtension vscode.ipynb, startup: false, activationEvent: 'onNotebookSerializer:jupyter-notebook'
2023-03-09 23:50:11.732 [info] Extension host terminating: received terminate message from renderer
2023-03-09 23:50:11.733 [info] Lock '/home/signal/.vscode-server/data/User/workspaceStorage/c301fe8fcdd4a4113b0f4b4e214f6af3/vscode.lock': Marking the lockfile as scheduled to be released in 6000 ms.
2023-03-09 23:50:11.742 [error] Canceled: Canceled
	at new a (/home/signal/.vscode-server/bin/92da9481c0904c6adfe372c12da3b7748d74bdcb/out/vs/workbench/api/node/extensionHostProcess.js:96:88793)
	at c.O (/home/signal/.vscode-server/bin/92da9481c0904c6adfe372c12da3b7748d74bdcb/out/vs/workbench/api/node/extensionHostProcess.js:106:11260)
	at Proxy.V.<computed>.Q.charCodeAt.V.<computed> (/home/signal/.vscode-server/bin/92da9481c0904c6adfe372c12da3b7748d74bdcb/out/vs/workbench/api/node/extensionHostProcess.js:106:8550)
	at l.g (/home/signal/.vscode-server/bin/92da9481c0904c6adfe372c12da3b7748d74bdcb/out/vs/workbench/api/node/extensionHostProcess.js:96:108198)
	at l.executeCommand (/home/signal/.vscode-server/bin/92da9481c0904c6adfe372c12da3b7748d74bdcb/out/vs/workbench/api/node/extensionHostProcess.js:96:107574)
	at O.registerCommand.description (/home/signal/.vscode-server/bin/92da9481c0904c6adfe372c12da3b7748d74bdcb/out/vs/workbench/api/node/extensionHostProcess.js:96:106867)
	at l.h (/home/signal/.vscode-server/bin/92da9481c0904c6adfe372c12da3b7748d74bdcb/out/vs/workbench/api/node/extensionHostProcess.js:96:108784)
	at l.g (/home/signal/.vscode-server/bin/92da9481c0904c6adfe372c12da3b7748d74bdcb/out/vs/workbench/api/node/extensionHostProcess.js:96:107674)
	at l.executeCommand (/home/signal/.vscode-server/bin/92da9481c0904c6adfe372c12da3b7748d74bdcb/out/vs/workbench/api/node/extensionHostProcess.js:96:107574)
	at Object.executeCommand (/home/signal/.vscode-server/bin/92da9481c0904c6adfe372c12da3b7748d74bdcb/out/vs/workbench/api/node/extensionHostProcess.js:117:30781)
	at D (/home/signal/.vscode-server/bin/92da9481c0904c6adfe372c12da3b7748d74bdcb/extensions/git/dist/main.js:2:1467127)
	at f.invoke (/home/signal/.vscode-server/bin/92da9481c0904c6adfe372c12da3b7748d74bdcb/out/vs/workbench/api/node/extensionHostProcess.js:63:145)
	at g.deliver (/home/signal/.vscode-server/bin/92da9481c0904c6adfe372c12da3b7748d74bdcb/out/vs/workbench/api/node/extensionHostProcess.js:63:2066)
	at h.fire (/home/signal/.vscode-server/bin/92da9481c0904c6adfe372c12da3b7748d74bdcb/out/vs/workbench/api/node/extensionHostProcess.js:63:1704)
	at Object.m [as dispose] (/home/signal/.vscode-server/bin/92da9481c0904c6adfe372c12da3b7748d74bdcb/extensions/git/dist/main.js:2:1481856)
	at /home/signal/.vscode-server/bin/92da9481c0904c6adfe372c12da3b7748d74bdcb/extensions/git/dist/main.js:2:1485923
	at Array.forEach (<anonymous>)
	at g.dispose (/home/signal/.vscode-server/bin/92da9481c0904c6adfe372c12da3b7748d74bdcb/extensions/git/dist/main.js:2:1485909)
	at D.<anonymous> (/home/signal/.vscode-server/bin/92da9481c0904c6adfe372c12da3b7748d74bdcb/out/vs/workbench/api/node/extensionHostProcess.js:94:12431)
	at D.dispose (/home/signal/.vscode-server/bin/92da9481c0904c6adfe372c12da3b7748d74bdcb/out/vs/workbench/api/node/extensionHostProcess.js:94:12566)
	at D.<anonymous> (/home/signal/.vscode-server/bin/92da9481c0904c6adfe372c12da3b7748d74bdcb/extensions/git/dist/main.js:2:1469257)
	at D.dispose (/home/signal/.vscode-server/bin/92da9481c0904c6adfe372c12da3b7748d74bdcb/out/vs/workbench/api/node/extensionHostProcess.js:94:12566)
	at k (/home/signal/.vscode-server/bin/92da9481c0904c6adfe372c12da3b7748d74bdcb/out/vs/workbench/api/node/extensionHostProcess.js:10:12074)
	at f.X (/home/signal/.vscode-server/bin/92da9481c0904c6adfe372c12da3b7748d74bdcb/out/vs/workbench/api/node/extensionHostProcess.js:108:11284)
	at /home/signal/.vscode-server/bin/92da9481c0904c6adfe372c12da3b7748d74bdcb/out/vs/workbench/api/node/extensionHostProcess.js:108:9088
	at Array.map (<anonymous>)
	at f.Q (/home/signal/.vscode-server/bin/92da9481c0904c6adfe372c12da3b7748d74bdcb/out/vs/workbench/api/node/extensionHostProcess.js:108:9075)
	at f.terminate (/home/signal/.vscode-server/bin/92da9481c0904c6adfe372c12da3b7748d74bdcb/out/vs/workbench/api/node/extensionHostProcess.js:108:9347)
	at u.terminate (/home/signal/.vscode-server/bin/92da9481c0904c6adfe372c12da3b7748d74bdcb/out/vs/workbench/api/node/extensionHostProcess.js:112:1397)
	at p (/home/signal/.vscode-server/bin/92da9481c0904c6adfe372c12da3b7748d74bdcb/out/vs/workbench/api/node/extensionHostProcess.js:122:18592)
	at /home/signal/.vscode-server/bin/92da9481c0904c6adfe372c12da3b7748d74bdcb/out/vs/workbench/api/node/extensionHostProcess.js:122:16502
	at f.invoke (/home/signal/.vscode-server/bin/92da9481c0904c6adfe372c12da3b7748d74bdcb/out/vs/workbench/api/node/extensionHostProcess.js:63:145)
	at g.deliver (/home/signal/.vscode-server/bin/92da9481c0904c6adfe372c12da3b7748d74bdcb/out/vs/workbench/api/node/extensionHostProcess.js:63:2066)
	at h.fire (/home/signal/.vscode-server/bin/92da9481c0904c6adfe372c12da3b7748d74bdcb/out/vs/workbench/api/node/extensionHostProcess.js:63:1704)
	at p.fire (/home/signal/.vscode-server/bin/92da9481c0904c6adfe372c12da3b7748d74bdcb/out/vs/workbench/api/node/extensionHostProcess.js:72:14907)
	at t.E (/home/signal/.vscode-server/bin/92da9481c0904c6adfe372c12da3b7748d74bdcb/out/vs/workbench/api/node/extensionHostProcess.js:72:18973)
	at /home/signal/.vscode-server/bin/92da9481c0904c6adfe372c12da3b7748d74bdcb/out/vs/workbench/api/node/extensionHostProcess.js:72:16961
	at f.invoke (/home/signal/.vscode-server/bin/92da9481c0904c6adfe372c12da3b7748d74bdcb/out/vs/workbench/api/node/extensionHostProcess.js:63:145)
	at g.deliver (/home/signal/.vscode-server/bin/92da9481c0904c6adfe372c12da3b7748d74bdcb/out/vs/workbench/api/node/extensionHostProcess.js:63:2066)
	at h.fire (/home/signal/.vscode-server/bin/92da9481c0904c6adfe372c12da3b7748d74bdcb/out/vs/workbench/api/node/extensionHostProcess.js:63:1704)
	at u.acceptChunk (/home/signal/.vscode-server/bin/92da9481c0904c6adfe372c12da3b7748d74bdcb/out/vs/workbench/api/node/extensionHostProcess.js:72:12638)
	at /home/signal/.vscode-server/bin/92da9481c0904c6adfe372c12da3b7748d74bdcb/out/vs/workbench/api/node/extensionHostProcess.js:72:11925
	at f.invoke (/home/signal/.vscode-server/bin/92da9481c0904c6adfe372c12da3b7748d74bdcb/out/vs/workbench/api/node/extensionHostProcess.js:63:145)
	at g.deliver (/home/signal/.vscode-server/bin/92da9481c0904c6adfe372c12da3b7748d74bdcb/out/vs/workbench/api/node/extensionHostProcess.js:63:2066)
	at h.fire (/home/signal/.vscode-server/bin/92da9481c0904c6adfe372c12da3b7748d74bdcb/out/vs/workbench/api/node/extensionHostProcess.js:63:1704)
	at h.u (/home/signal/.vscode-server/bin/92da9481c0904c6adfe372c12da3b7748d74bdcb/out/vs/workbench/api/node/extensionHostProcess.js:72:28891) setContext undefined
2023-03-09 23:50:11.742 [info] Extension host with pid 5419 exiting with code 0
