*
* Visual Studio Code Server
*
* By using the software, you agree to
* the Visual Studio Code Server License Terms (https://aka.ms/vscode-server-license) and
* the Microsoft Privacy Statement (https://privacy.microsoft.com/en-US/privacystatement).
*
Server bound to 127.0.0.1:33649 (IPv4)
Extension host agent listening on 33649

[23:39:58] 




[23:39:58] Extension host agent started.
[23:39:58] Started initializing default profile extensions in extensions installation folder. file:///home/signal/.vscode-server/extensions
[23:39:58] Completed initializing default profile extensions in extensions installation folder. file:///home/signal/.vscode-server/extensions
[23:39:59] [127.0.0.1][002727f2][ManagementConnection] New connection established.
[23:39:59] [127.0.0.1][f368aec9][ExtensionHostConnection] New connection established.
[23:39:59] [127.0.0.1][f368aec9][ExtensionHostConnection] <5250> Launched Extension Host Process.
[IPC Library: Pty Host]  WARN Shell integration cannot be enabled for executable "/bin/sh" and args [
  '-c',
  'wget --version > /dev/null\n' +
    'if [ $? -eq 0 ]\n' +
    'then\n' +
    "\twget --connect-timeout=7 --tries=1 --dns-timeout=7 -q --header='Metadata:true' -O - http://169.254.169.254/metadata/instance?api-version=2019-03-11\n" +
    'else\n' +
    '\tcurl --version > /dev/null\n' +
    '\tif [ $? -eq 0 ]\n' +
    '\tthen\n' +
    "\t\tcurl --connect-timeout 7 -s --header='Metadata:true' http://169.254.169.254/metadata/instance?api-version=2019-03-11\n" +
    '\tfi\n' +
    'fi\n' +
    'exit 0'
]
[IPC Library: Pty Host]  WARN Shell integration cannot be enabled for executable "/bin/sh" and args [
  '-c',
  'wget --version > /dev/null\n' +
    'if [ $? -eq 0 ]\n' +
    'then\n' +
    '\twget --connect-timeout=7 --tries=1 --dns-timeout=7 -q  -O - http://169.254.169.254/latest/meta-data/instance-id\n' +
    'else\n' +
    '\tcurl --version > /dev/null\n' +
    '\tif [ $? -eq 0 ]\n' +
    '\tthen\n' +
    '\t\tcurl --connect-timeout 7 -s  http://169.254.169.254/latest/meta-data/instance-id\n' +
    '\tfi\n' +
    'fi\n' +
    'exit 0'
]
[IPC Library: Pty Host]  WARN Shell integration cannot be enabled for executable "/bin/sh" and args [
  '-c',
  'wget --version > /dev/null\n' +
    'if [ $? -eq 0 ]\n' +
    'then\n' +
    '\twget --connect-timeout=7 --tries=1 --dns-timeout=7 -q  -O - http://169.254.169.254/metadata/v1/id\n' +
    'else\n' +
    '\tcurl --version > /dev/null\n' +
    '\tif [ $? -eq 0 ]\n' +
    '\tthen\n' +
    '\t\tcurl --connect-timeout 7 -s  http://169.254.169.254/metadata/v1/id\n' +
    '\tfi\n' +
    'fi\n' +
    'exit 0'
]
[IPC Library: Pty Host]  WARN Shell integration cannot be enabled for executable "/bin/sh" and args [
  '-c',
  'wget --version > /dev/null\n' +
    'if [ $? -eq 0 ]\n' +
    'then\n' +
    "\twget --connect-timeout=7 --tries=1 --dns-timeout=7 -q --header='Metadata-Flavor:Google' -O - http://metadata.google.internal/computeMetadata/v1/instance/id\n" +
    'else\n' +
    '\tcurl --version > /dev/null\n' +
    '\tif [ $? -eq 0 ]\n' +
    '\tthen\n' +
    "\t\tcurl --connect-timeout 7 -s --header='Metadata-Flavor:Google' http://metadata.google.internal/computeMetadata/v1/instance/id\n" +
    '\tfi\n' +
    'fi\n' +
    'exit 0'
]
[23:40:06] [127.0.0.1][002727f2][ManagementConnection] The client has disconnected gracefully, so the connection will be disposed.
[23:40:06] [127.0.0.1][f368aec9][ExtensionHostConnection] <5250> Extension Host Process exited with code: 0, signal: null.
Cancelling previous shutdown timeout
[23:40:06] Cancelling previous shutdown timeout
Last EH closed, waiting before shutting down
[23:40:06] Last EH closed, waiting before shutting down
Got delay-shutdown request while in shutdown timeout, delaying
[23:40:12] Got delay-shutdown request while in shutdown timeout, delaying
Cancelling previous shutdown timeout
[23:40:12] Cancelling previous shutdown timeout
[23:40:13] [127.0.0.1][f1656a3a][ManagementConnection] New connection established.
[23:40:13] [127.0.0.1][f592a504][ExtensionHostConnection] New connection established.
[23:40:13] [127.0.0.1][f592a504][ExtensionHostConnection] <5419> Launched Extension Host Process.
[IPC Library: Pty Host]  WARN Shell integration cannot be enabled for executable "/bin/sh" and args [
  '-c',
  'wget --version > /dev/null\n' +
    'if [ $? -eq 0 ]\n' +
    'then\n' +
    "\twget --connect-timeout=7 --tries=1 --dns-timeout=7 -q --header='Metadata:true' -O - http://169.254.169.254/metadata/instance?api-version=2019-03-11\n" +
    'else\n' +
    '\tcurl --version > /dev/null\n' +
    '\tif [ $? -eq 0 ]\n' +
    '\tthen\n' +
    "\t\tcurl --connect-timeout 7 -s --header='Metadata:true' http://169.254.169.254/metadata/instance?api-version=2019-03-11\n" +
    '\tfi\n' +
    'fi\n' +
    'exit 0'
]
[IPC Library: Pty Host]  WARN Shell integration cannot be enabled for executable "/bin/sh" and args [
  '-c',
  'wget --version > /dev/null\n' +
    'if [ $? -eq 0 ]\n' +
    'then\n' +
    '\twget --connect-timeout=7 --tries=1 --dns-timeout=7 -q  -O - http://169.254.169.254/latest/meta-data/instance-id\n' +
    'else\n' +
    '\tcurl --version > /dev/null\n' +
    '\tif [ $? -eq 0 ]\n' +
    '\tthen\n' +
    '\t\tcurl --connect-timeout 7 -s  http://169.254.169.254/latest/meta-data/instance-id\n' +
    '\tfi\n' +
    'fi\n' +
    'exit 0'
]
[IPC Library: Pty Host]  WARN Shell integration cannot be enabled for executable "/bin/sh" and args [
  '-c',
  'wget --version > /dev/null\n' +
    'if [ $? -eq 0 ]\n' +
    'then\n' +
    '\twget --connect-timeout=7 --tries=1 --dns-timeout=7 -q  -O - http://169.254.169.254/metadata/v1/id\n' +
    'else\n' +
    '\tcurl --version > /dev/null\n' +
    '\tif [ $? -eq 0 ]\n' +
    '\tthen\n' +
    '\t\tcurl --connect-timeout 7 -s  http://169.254.169.254/metadata/v1/id\n' +
    '\tfi\n' +
    'fi\n' +
    'exit 0'
]
[IPC Library: Pty Host]  WARN Shell integration cannot be enabled for executable "/bin/sh" and args [
  '-c',
  'wget --version > /dev/null\n' +
    'if [ $? -eq 0 ]\n' +
    'then\n' +
    "\twget --connect-timeout=7 --tries=1 --dns-timeout=7 -q --header='Metadata-Flavor:Google' -O - http://metadata.google.internal/computeMetadata/v1/instance/id\n" +
    'else\n' +
    '\tcurl --version > /dev/null\n' +
    '\tif [ $? -eq 0 ]\n' +
    '\tthen\n' +
    "\t\tcurl --connect-timeout 7 -s --header='Metadata-Flavor:Google' http://metadata.google.internal/computeMetadata/v1/instance/id\n" +
    '\tfi\n' +
    'fi\n' +
    'exit 0'
]
rejected promise not handled within 1 second: CodeExpectedError: Could not find pty on pty host
stack trace: CodeExpectedError: Could not find pty on pty host
    at S.L (/home/signal/.vscode-server/bin/92da9481c0904c6adfe372c12da3b7748d74bdcb/out/vs/platform/terminal/node/ptyHostMain.js:27:6849)
    at S.updateTitle (/home/signal/.vscode-server/bin/92da9481c0904c6adfe372c12da3b7748d74bdcb/out/vs/platform/terminal/node/ptyHostMain.js:27:2630)
    at Object.call (/home/signal/.vscode-server/bin/92da9481c0904c6adfe372c12da3b7748d74bdcb/out/vs/platform/terminal/node/ptyHostMain.js:17:5043)
    at l.s (/home/signal/.vscode-server/bin/92da9481c0904c6adfe372c12da3b7748d74bdcb/out/vs/platform/terminal/node/ptyHostMain.js:15:5412)
    at l.q (/home/signal/.vscode-server/bin/92da9481c0904c6adfe372c12da3b7748d74bdcb/out/vs/platform/terminal/node/ptyHostMain.js:15:4915)
    at /home/signal/.vscode-server/bin/92da9481c0904c6adfe372c12da3b7748d74bdcb/out/vs/platform/terminal/node/ptyHostMain.js:15:4326
    at n.invoke (/home/signal/.vscode-server/bin/92da9481c0904c6adfe372c12da3b7748d74bdcb/out/vs/platform/terminal/node/ptyHostMain.js:11:145)
    at E.deliver (/home/signal/.vscode-server/bin/92da9481c0904c6adfe372c12da3b7748d74bdcb/out/vs/platform/terminal/node/ptyHostMain.js:11:2070)
    at c.fire (/home/signal/.vscode-server/bin/92da9481c0904c6adfe372c12da3b7748d74bdcb/out/vs/platform/terminal/node/ptyHostMain.js:11:1708)
    at process.T (/home/signal/.vscode-server/bin/92da9481c0904c6adfe372c12da3b7748d74bdcb/out/vs/platform/terminal/node/ptyHostMain.js:9:20949)
    at process.emit (node:events:526:28)
    at emit (node:internal/child_process:938:14)
    at processTicksAndRejections (node:internal/process/task_queues:84:21)
[23:40:15] Error [CodeExpectedError]: Could not find pty on pty host
    at S.L (/home/signal/.vscode-server/bin/92da9481c0904c6adfe372c12da3b7748d74bdcb/out/vs/platform/terminal/node/ptyHostMain.js:27:6849)
    at S.updateTitle (/home/signal/.vscode-server/bin/92da9481c0904c6adfe372c12da3b7748d74bdcb/out/vs/platform/terminal/node/ptyHostMain.js:27:2630)
    at Object.call (/home/signal/.vscode-server/bin/92da9481c0904c6adfe372c12da3b7748d74bdcb/out/vs/platform/terminal/node/ptyHostMain.js:17:5043)
    at l.s (/home/signal/.vscode-server/bin/92da9481c0904c6adfe372c12da3b7748d74bdcb/out/vs/platform/terminal/node/ptyHostMain.js:15:5412)
    at l.q (/home/signal/.vscode-server/bin/92da9481c0904c6adfe372c12da3b7748d74bdcb/out/vs/platform/terminal/node/ptyHostMain.js:15:4915)
    at /home/signal/.vscode-server/bin/92da9481c0904c6adfe372c12da3b7748d74bdcb/out/vs/platform/terminal/node/ptyHostMain.js:15:4326
    at n.invoke (/home/signal/.vscode-server/bin/92da9481c0904c6adfe372c12da3b7748d74bdcb/out/vs/platform/terminal/node/ptyHostMain.js:11:145)
    at E.deliver (/home/signal/.vscode-server/bin/92da9481c0904c6adfe372c12da3b7748d74bdcb/out/vs/platform/terminal/node/ptyHostMain.js:11:2070)
    at c.fire (/home/signal/.vscode-server/bin/92da9481c0904c6adfe372c12da3b7748d74bdcb/out/vs/platform/terminal/node/ptyHostMain.js:11:1708)
    at process.T (/home/signal/.vscode-server/bin/92da9481c0904c6adfe372c12da3b7748d74bdcb/out/vs/platform/terminal/node/ptyHostMain.js:9:20949)
    at process.emit (node:events:526:28)
    at emit (node:internal/child_process:938:14)
    at processTicksAndRejections (node:internal/process/task_queues:84:21)
[23:41:01] [File Watcher (parcel)] Inotify limit reached (ENOSPC) (path: /home/signal)
New EH opened, aborting shutdown
[23:45:12] New EH opened, aborting shutdown
[23:50:11] [127.0.0.1][f1656a3a][ManagementConnection] The client has disconnected gracefully, so the connection will be disposed.
[23:50:11] [127.0.0.1][f592a504][ExtensionHostConnection] <5419> Extension Host Process exited with code: 0, signal: null.
Last EH closed, waiting before shutting down
[23:50:11] Last EH closed, waiting before shutting down
Last EH closed, shutting down
[23:55:11] Last EH closed, shutting down
